<?xml version="1.0" encoding="UTF-8"?>
<!-- Generated by org.testng.reporters.JUnitReportReporter -->
<testsuite hostname="DESKTOP-QQKQL13" failures="0" tests="2" name="com.test.testng.AmazonTest" time="28.773" errors="0" timestamp="2023-12-02T15:54:39 IST" skipped="0">
  <testcase classname="com.test.testng.AmazonTest" name="testMakeMyTripLogo" time="6.243"/>
  <system-out/>
  <testcase classname="com.test.testng.AmazonTest" name="MakeMyTripFlightsBooking" time="22.530"/>
  <system-out/>
</testsuite> <!-- com.test.testng.AmazonTest -->
